	NAME: Doe , john
	ID NUMBER: 999999
	BIRTH DAY: 1/1/1960
DATE HIRED: 1/1/1960
HOURS: 0
BAY PAY:0.000000
GROSS PAY: 0.000000
TAXDEDUCTION: 0.100000
NET PAY: 0.000000
	NAME: Doe , john
	ID NUMBER: 999999
	BIRTH DAY: 1/1/1960
DATE HIRED: 1/1/1960
HOURS: 0
BAY PAY:0.000000
GROSS PAY: 0.000000
TAXDEDUCTION: 0.100000
NET PAY: 0.000000
	NAME: Doe , john
	ID NUMBER: 999999
	BIRTH DAY: 1/1/1960
DATE HIRED: 1/1/1960
HOURS: 0
BAY PAY:0.000000
GROSS PAY: 0.000000
TAXDEDUCTION: 0.100000
NET PAY: 0.000000
	NAME: Doe , John
	ID NUMBER: 111111
	BIRTH DAY: 10/25/1990
DATE HIRED: 11/15/2010
HOURS: 10
BAY PAY:20.000000
GROSS PAY: 200.000000
TAXDEDUCTION: 0.100000
NET PAY: 180.000000
