	NAME: Doe , john
	ID NUMBER: 999999
	BIRTH DAY: 1/1/1960
DATE HIRED: 1/1/1960
BASEPAY: 0.000000
 BONUS:0.000000 
GROSS PAY: 0.000000
TAXDEDUCTION: 0.100000
NET PAY: 0.000000

	NAME: Doe , John
	ID NUMBER: 111111
	BIRTH DAY: 10/25/1991
DATE HIRED: 5/10/2010
GROSS PAY: 1250.000000
TAXDEDUCTION: 0.200000
NET PAY: 999.999996
	NAME: Daly , Jobe
	ID NUMBER: 222222
	BIRTH DAY: 1/5/1990
DATE HIRED: 6/30/2011
BASEPAY: 850.000000
 BONUS:250.000000 
GROSS PAY: 1100.000000
TAXDEDUCTION: 0.200000
NET PAY: 879.999997

	NAME: Doe , John
	ID NUMBER: 111111
	BIRTH DAY: 10/25/1990
DATE HIRED: 11/15/2010
GROSS PAY: 750.000000
TAXDEDUCTION: 0.150000
NET PAY: 637.499996
	NAME: Doe , John
	ID NUMBER: 111111
	BIRTH DAY: 10/25/1990
DATE HIRED: 11/15/2010
BASEPAY: 750.000000
 BONUS:100.000000 
GROSS PAY: 850.000000
TAXDEDUCTION: 0.180000
NET PAY: 696.999994

