	NAME: Doe , John
	ID NUMBER: 111111
	BIRTH DAY: 10/25/1990
DATE HIRED: 11/15/2010
GROSS PAY: 750.000000
TAXDEDUCTION: 0.150000
NET PAY: 637.499996
	NAME: Doe , John
	ID NUMBER: 111111
	BIRTH DAY: 10/25/1990
DATE HIRED: 11/15/2010
GROSS PAY: 750.000000
TAXDEDUCTION: 0.150000
NET PAY: 637.499996
	NAME: Doe , John
	ID NUMBER: 111111
	BIRTH DAY: 10/25/1990
DATE HIRED: 11/15/2010
GROSS PAY: 750.000000
TAXDEDUCTION: 0.150000
NET PAY: 637.499996
	NAME: Doe , John
	ID NUMBER: 111111
	BIRTH DAY: 10/25/1990
DATE HIRED: 11/15/2010
GROSS PAY: 750.000000
TAXDEDUCTION: 0.150000
NET PAY: 637.499996
	NAME: Doe , John
	ID NUMBER: 111111
	BIRTH DAY: 10/25/1990
DATE HIRED: 11/15/2010
GROSS PAY: 750.000000
TAXDEDUCTION: 0.150000
NET PAY: 637.499996
	NAME: Doe , John
	ID NUMBER: 111111
	BIRTH DAY: 10/25/1990
DATE HIRED: 11/15/2010
GROSS PAY: 750.000000
TAXDEDUCTION: 0.150000
NET PAY: 637.499996
	NAME: Doe , John
	ID NUMBER: 111111
	BIRTH DAY: 10/25/1990
DATE HIRED: 11/15/2010
GROSS PAY: 750.000000
TAXDEDUCTION: 0.150000
NET PAY: 637.499996
	NAME: Doe , John
	ID NUMBER: 111111
	BIRTH DAY: 10/25/1990
DATE HIRED: 11/15/2010
GROSS PAY: 750.000000
TAXDEDUCTION: 0.150000
NET PAY: 637.499996
	NAME: Doe , John
	ID NUMBER: 111111
	BIRTH DAY: 10/25/1990
DATE HIRED: 11/15/2010
GROSS PAY: 750.000000
TAXDEDUCTION: 0.150000
NET PAY: 637.499996
	NAME: Doe , John
	ID NUMBER: 111111
	BIRTH DAY: 10/25/1990
DATE HIRED: 11/15/2010
GROSS PAY: 750.000000
TAXDEDUCTION: 0.150000
NET PAY: 637.499996
